<?xml version="1.0" encoding="UTF-8"?>
<!-- Generated by org.testng.reporters.JUnitXMLReporter -->
<testsuite ignored="0" hostname="Rahul_Personal_Laptop" failures="0" tests="3" name="Default test" time="42.263" errors="0" timestamp="2021-03-28T14:21:54 IST">
  <testcase classname="MainProject.E2EProject.Homepage" name="loginTest" time="2.073"/>
  <testcase classname="MainProject.E2EProject.Homepage" name="loginTest" time="2.18"/>
  <testcase classname="MainProject.E2EProject.Homepage" name="loginTest" time="2.123"/>
</testsuite> <!-- Default test -->
