<?xml version="1.0" encoding="UTF-8"?>
<!-- Generated by org.testng.reporters.JUnitXMLReporter -->
<testsuite ignored="8" hostname="DESKTOP-0UA7K6R" failures="0" tests="3" name="Smoke" time="0.237" errors="0" timestamp="2021-02-21T12:11:12 IST">
  <testcase classname="Test.CarLoanLogin" name="mobileCarLogin" time="0.038"/>
  <testcase classname="Test.DemoTest" name="Test2" time="0.009"/>
  <testcase classname="Test.HomeLoanLogin" name="APIHomeLogin" time="0.014"/>
  <testcase classname="Test.HomeLoanLogin" name="mobileHomeLogin" time="0.0">
    <ignored/>
  </testcase> <!-- mobileHomeLogin -->
  <testcase classname="Test.CarLoanLogin" name="APICarLogin" time="0.0">
    <ignored/>
  </testcase> <!-- APICarLogin -->
  <testcase classname="Test.CarLoanLogin" name="mobileCarLogout" time="0.0">
    <ignored/>
  </testcase> <!-- mobileCarLogout -->
  <testcase classname="Test.HomeLoanLogin" name="webHomeLogin" time="0.0">
    <ignored/>
  </testcase> <!-- webHomeLogin -->
  <testcase classname="Test.CarLoanLogin" name="mobileCarSignin" time="0.0">
    <ignored/>
  </testcase> <!-- mobileCarSignin -->
  <testcase classname="Test.DemoTest" name="Test1" time="0.0">
    <ignored/>
  </testcase> <!-- Test1 -->
  <testcase classname="Test.CarLoanLogin" name="webCarLogin" time="0.0">
    <ignored/>
  </testcase> <!-- webCarLogin -->
  <testcase classname="Test.NewTest" name="f" time="0.0">
    <ignored/>
  </testcase> <!-- f -->
</testsuite> <!-- Smoke -->
