<?xml version="1.0" encoding="UTF-8"?>
<!-- Generated by org.testng.reporters.JUnitXMLReporter -->
<testsuite ignored="1" hostname="DESKTOP-0UA7K6R" failures="0" tests="4" name="Default test" time="0.267" errors="0" timestamp="2021-02-21T11:38:30 IST">
  <testcase classname="Test.CarLoanLogin" name="mobileCarLogin" time="0.016"/>
  <testcase classname="Test.CarLoanLogin" name="mobileCarLogout" time="0.019"/>
  <testcase classname="Test.CarLoanLogin" name="mobileCarSignin" time="0.038"/>
  <testcase classname="Test.CarLoanLogin" name="APICarLogin" time="0.012"/>
  <testcase classname="Test.CarLoanLogin" name="webCarLogin" time="0.0">
    <ignored/>
  </testcase> <!-- webCarLogin -->
</testsuite> <!-- Default test -->
