<?xml version="1.0" encoding="UTF-8"?>
<testng-results skipped="0" failed="0" ignored="0" total="6" passed="6">
  <reporter-output>
  </reporter-output>
  <suite name="Command line suite" duration-ms="93" started-at="2021-03-03T15:06:09 IST" finished-at="2021-03-03T15:06:09 IST">
    <groups>
    </groups>
    <test name="Command line test" duration-ms="93" started-at="2021-03-03T15:06:09 IST" finished-at="2021-03-03T15:06:09 IST">
      <class name="middha_academy.MavenJava.MobileAppiumTest">
        <test-method status="PASS" signature="mobileLogin()[pri:0, instance:middha_academy.MavenJava.MobileAppiumTest@5702b3b1]" name="mobileLogin" duration-ms="0" started-at="2021-03-03T15:06:09 IST" finished-at="2021-03-03T15:06:09 IST">
          <reporter-output>
          </reporter-output>
        </test-method> <!-- mobileLogin -->
        <test-method status="PASS" signature="mobileLogout()[pri:0, instance:middha_academy.MavenJava.MobileAppiumTest@5702b3b1]" name="mobileLogout" duration-ms="0" started-at="2021-03-03T15:06:09 IST" finished-at="2021-03-03T15:06:09 IST">
          <reporter-output>
          </reporter-output>
        </test-method> <!-- mobileLogout -->
      </class> <!-- middha_academy.MavenJava.MobileAppiumTest -->
      <class name="middha_academy.MavenJava.ApiTest">
        <test-method status="PASS" signature="apiGet()[pri:0, instance:middha_academy.MavenJava.ApiTest@25bbe1b6]" name="apiGet" duration-ms="10" started-at="2021-03-03T15:06:09 IST" finished-at="2021-03-03T15:06:09 IST">
          <reporter-output>
          </reporter-output>
        </test-method> <!-- apiGet -->
        <test-method status="PASS" signature="apiPush()[pri:0, instance:middha_academy.MavenJava.ApiTest@25bbe1b6]" name="apiPush" duration-ms="0" started-at="2021-03-03T15:06:09 IST" finished-at="2021-03-03T15:06:09 IST">
          <reporter-output>
          </reporter-output>
        </test-method> <!-- apiPush -->
      </class> <!-- middha_academy.MavenJava.ApiTest -->
      <class name="middha_academy.MavenJava.WebSeleniumTest">
        <test-method status="PASS" signature="webLogin()[pri:0, instance:middha_academy.MavenJava.WebSeleniumTest@69ea3742]" name="webLogin" duration-ms="1" started-at="2021-03-03T15:06:09 IST" finished-at="2021-03-03T15:06:09 IST">
          <reporter-output>
          </reporter-output>
        </test-method> <!-- webLogin -->
        <test-method status="PASS" signature="webLogout()[pri:0, instance:middha_academy.MavenJava.WebSeleniumTest@69ea3742]" name="webLogout" duration-ms="0" started-at="2021-03-03T15:06:09 IST" finished-at="2021-03-03T15:06:09 IST">
          <reporter-output>
          </reporter-output>
        </test-method> <!-- webLogout -->
      </class> <!-- middha_academy.MavenJava.WebSeleniumTest -->
    </test> <!-- Command line test -->
  </suite> <!-- Command line suite -->
</testng-results>
