<?xml version="1.0" encoding="UTF-8"?>
<!-- Generated by org.testng.reporters.JUnitXMLReporter -->
<testsuite ignored="0" hostname="DESKTOP-0UA7K6R" failures="0" tests="5" name="Home Loan" time="0.093" errors="0" timestamp="2020-12-28T19:26:53 IST">
  <testcase classname="Test.HomeLoanLogin" name="APIHomeLogin" time="0.011"/>
  <testcase classname="Test.HomeLoanLogin" name="mobileHomeLogin" time="0.003"/>
  <testcase classname="Test.HomeLoanLogin" name="webHomeLogin" time="0.003"/>
  <testcase classname="Test.HomeLoanLogin" name="webHomeLogin" time="0.004"/>
  <testcase classname="Test.HomeLoanLogin" name="webHomeLogin" time="0.005"/>
</testsuite> <!-- Home Loan -->
