<?xml version="1.0" encoding="UTF-8"?>
<!-- Generated by org.testng.reporters.JUnitXMLReporter -->
<testsuite ignored="1" hostname="DESKTOP-0UA7K6R" failures="0" tests="7" name="Personal Loan" time="0.23" errors="0" timestamp="2020-12-28T19:26:53 IST">
  <testcase classname="Test.CarLoanLogin" name="mobileCarLogin" time="0.011"/>
  <testcase classname="Test.CarLoanLogin" name="mobileCarLogout" time="0.033"/>
  <testcase classname="Test.CarLoanLogin" name="mobileCarSignin" time="0.005"/>
  <testcase classname="Test.CarLoanLogin" name="APICarLogin" time="0.01"/>
  <testcase classname="Test.DemoTest" name="Test1" time="0.004"/>
  <testcase classname="Test.DemoTest" name="Test2" time="0.008"/>
  <testcase classname="Test.NewTest" name="f" time="0.005"/>
  <testcase classname="Test.CarLoanLogin" name="webCarLogin" time="0.0">
    <ignored/>
  </testcase> <!-- webCarLogin -->
</testsuite> <!-- Personal Loan -->
