<?xml version="1.0" encoding="UTF-8"?>
<!-- Generated by org.testng.reporters.JUnitXMLReporter -->
<testsuite ignored="0" hostname="DESKTOP-0UA7K6R" failures="0" tests="6" name="Test" time="0.08" errors="0" timestamp="2021-02-22T17:48:49 IST">
  <testcase classname="middha_academy.MavenJava.MobileAppiumTest" name="mobileLogin" time="0.007"/>
  <testcase classname="middha_academy.MavenJava.MobileAppiumTest" name="mobileLogout" time="0.001"/>
  <testcase classname="middha_academy.MavenJava.ApiTest" name="apiGet" time="0.001"/>
  <testcase classname="middha_academy.MavenJava.ApiTest" name="apiPush" time="0.001"/>
  <testcase classname="middha_academy.MavenJava.WebSeleniumTest" name="webLogin" time="0.0"/>
  <testcase classname="middha_academy.MavenJava.WebSeleniumTest" name="webLogout" time="0.0"/>
</testsuite> <!-- Test -->
