<?xml version="1.0" encoding="UTF-8"?>
<!-- Generated by org.testng.reporters.JUnitXMLReporter -->
<testsuite hostname="DESKTOP-0UA7K6R" ignored="0" name="Command line test" tests="6" failures="0" timestamp="2021-03-03T15:06:09 IST" time="0.093" errors="0">
  <testcase name="apiGet" time="0.01" classname="middha_academy.MavenJava.ApiTest"/>
  <testcase name="apiPush" time="0.0" classname="middha_academy.MavenJava.ApiTest"/>
  <testcase name="mobileLogin" time="0.0" classname="middha_academy.MavenJava.MobileAppiumTest"/>
  <testcase name="mobileLogout" time="0.0" classname="middha_academy.MavenJava.MobileAppiumTest"/>
  <testcase name="webLogin" time="0.001" classname="middha_academy.MavenJava.WebSeleniumTest"/>
  <testcase name="webLogout" time="0.0" classname="middha_academy.MavenJava.WebSeleniumTest"/>
</testsuite> <!-- Command line test -->
