<?xml version="1.0" encoding="UTF-8"?>
<testng-results ignored="0" total="3" passed="3" failed="0" skipped="0">
  <reporter-output>
  </reporter-output>
  <suite started-at="2021-03-28T14:21:12 IST" name="Default suite" finished-at="2021-03-28T14:21:54 IST" duration-ms="42263">
    <groups>
    </groups>
    <test started-at="2021-03-28T14:21:12 IST" name="Default test" finished-at="2021-03-28T14:21:54 IST" duration-ms="42263">
      <class name="MainProject.E2EProject.Homepage">
        <test-method is-config="true" signature="preRequisite()[pri:0, instance:MainProject.E2EProject.Homepage@2667f029]" started-at="2021-03-28T14:21:12 IST" name="preRequisite" finished-at="2021-03-28T14:21:46 IST" duration-ms="33830" status="PASS">
          <reporter-output>
          </reporter-output>
        </test-method> <!-- preRequisite -->
        <test-method signature="loginTest(java.lang.String,java.lang.String)[pri:0, instance:MainProject.E2EProject.Homepage@2667f029]" started-at="2021-03-28T14:21:46 IST" name="loginTest" data-provider="testdata" finished-at="2021-03-28T14:21:48 IST" duration-ms="2073" status="PASS">
          <params>
            <param index="0">
              <value>
                <![CDATA[abc@gmail.com]]>
              </value>
            </param>
            <param index="1">
              <value>
                <![CDATA[1236]]>
              </value>
            </param>
          </params>
          <reporter-output>
          </reporter-output>
        </test-method> <!-- loginTest -->
        <test-method signature="loginTest(java.lang.String,java.lang.String)[pri:0, instance:MainProject.E2EProject.Homepage@2667f029]" started-at="2021-03-28T14:21:48 IST" name="loginTest" data-provider="testdata" finished-at="2021-03-28T14:21:50 IST" duration-ms="2180" status="PASS">
          <params>
            <param index="0">
              <value>
                <![CDATA[qw@fdhj.com]]>
              </value>
            </param>
            <param index="1">
              <value>
                <![CDATA[4589]]>
              </value>
            </param>
          </params>
          <reporter-output>
          </reporter-output>
        </test-method> <!-- loginTest -->
        <test-method signature="loginTest(java.lang.String,java.lang.String)[pri:0, instance:MainProject.E2EProject.Homepage@2667f029]" started-at="2021-03-28T14:21:50 IST" name="loginTest" data-provider="testdata" finished-at="2021-03-28T14:21:52 IST" duration-ms="2123" status="PASS">
          <params>
            <param index="0">
              <value>
                <![CDATA[hgjds@gsahj.com]]>
              </value>
            </param>
            <param index="1">
              <value>
                <![CDATA[612]]>
              </value>
            </param>
          </params>
          <reporter-output>
          </reporter-output>
        </test-method> <!-- loginTest -->
        <test-method is-config="true" signature="postExecution()[pri:0, instance:MainProject.E2EProject.Homepage@2667f029]" started-at="2021-03-28T14:21:52 IST" name="postExecution" finished-at="2021-03-28T14:21:54 IST" duration-ms="1895" status="PASS">
          <reporter-output>
          </reporter-output>
        </test-method> <!-- postExecution -->
      </class> <!-- MainProject.E2EProject.Homepage -->
    </test> <!-- Default test -->
  </suite> <!-- Default suite -->
</testng-results>
