<?xml version="1.0" encoding="UTF-8"?>
<testng-results ignored="0" total="1" passed="1" failed="0" skipped="0">
  <reporter-output>
  </reporter-output>
  <suite started-at="2021-03-01T23:00:49 IST" name="Default suite" finished-at="2021-03-01T23:01:19 IST" duration-ms="29895">
    <groups>
    </groups>
    <test started-at="2021-03-01T23:00:49 IST" name="Default test" finished-at="2021-03-01T23:01:19 IST" duration-ms="29895">
      <class name="middhaAcademy.ExtendReports.ExtentReportsDemo">
        <test-method is-config="true" signature="ExtentReportCreater()[pri:0, instance:middhaAcademy.ExtendReports.ExtentReportsDemo@29626d54]" started-at="2021-03-01T23:00:49 IST" name="ExtentReportCreater" finished-at="2021-03-01T23:00:50 IST" duration-ms="712" status="PASS">
          <reporter-output>
          </reporter-output>
        </test-method> <!-- ExtentReportCreater -->
        <test-method signature="InitialDemo()[pri:0, instance:middhaAcademy.ExtendReports.ExtentReportsDemo@29626d54]" started-at="2021-03-01T23:00:50 IST" name="InitialDemo" finished-at="2021-03-01T23:01:19 IST" duration-ms="29097" status="PASS">
          <reporter-output>
          </reporter-output>
        </test-method> <!-- InitialDemo -->
      </class> <!-- middhaAcademy.ExtendReports.ExtentReportsDemo -->
    </test> <!-- Default test -->
  </suite> <!-- Default suite -->
</testng-results>
