<?xml version="1.0" encoding="UTF-8"?>
<!-- Generated by org.testng.reporters.JUnitXMLReporter -->
<testsuite ignored="3" hostname="DESKTOP-0UA7K6R" failures="0" tests="2" name="Car Loan" time="0.024" errors="0" timestamp="2020-12-27T20:48:38 IST">
  <testcase classname="Test.CarLoanLogin" name="APICarLogin" time="0.005"/>
  <testcase classname="Test.CarLoanLogin" name="webCarLogin" time="0.006"/>
  <testcase classname="Test.CarLoanLogin" name="mobileCarLogout" time="0.0">
    <ignored/>
  </testcase> <!-- mobileCarLogout -->
  <testcase classname="Test.CarLoanLogin" name="mobileCarSignin" time="0.0">
    <ignored/>
  </testcase> <!-- mobileCarSignin -->
  <testcase classname="Test.CarLoanLogin" name="mobileCarLogin" time="0.0">
    <ignored/>
  </testcase> <!-- mobileCarLogin -->
</testsuite> <!-- Car Loan -->
