<?xml version="1.0" encoding="UTF-8"?>
<!-- Generated by org.testng.reporters.JUnitXMLReporter -->
<testsuite ignored="2" hostname="DESKTOP-0UA7K6R" failures="0" tests="1" name="Home Loan" time="0.04" errors="0" timestamp="2020-12-27T20:48:38 IST">
  <testcase classname="Test.HomeLoanLogin" name="webHomeLogin" time="0.011"/>
  <testcase classname="Test.HomeLoanLogin" name="mobileHomeLogin" time="0.0">
    <ignored/>
  </testcase> <!-- mobileHomeLogin -->
  <testcase classname="Test.HomeLoanLogin" name="APIHomeLogin" time="0.0">
    <ignored/>
  </testcase> <!-- APIHomeLogin -->
</testsuite> <!-- Home Loan -->
