<?xml version="1.0" encoding="UTF-8"?>
<!-- Generated by org.testng.reporters.JUnitXMLReporter -->
<testsuite ignored="0" hostname="DESKTOP-0UA7K6R" failures="0" tests="11" name="Personal Loan" time="0.214" errors="0" timestamp="2020-12-27T20:56:24 IST">
  <testcase classname="Test.CarLoanLogin" name="APICarLogin" time="0.017"/>
  <testcase classname="Test.CarLoanLogin" name="mobileCarLogin" time="0.006"/>
  <testcase classname="Test.CarLoanLogin" name="mobileCarLogout" time="0.005"/>
  <testcase classname="Test.CarLoanLogin" name="mobileCarSignin" time="0.003"/>
  <testcase classname="Test.CarLoanLogin" name="webCarLogin" time="0.014"/>
  <testcase classname="Test.DemoTest" name="Test1" time="0.003"/>
  <testcase classname="Test.DemoTest" name="Test2" time="0.004"/>
  <testcase classname="Test.HomeLoanLogin" name="APIHomeLogin" time="0.003"/>
  <testcase classname="Test.HomeLoanLogin" name="mobileHomeLogin" time="0.003"/>
  <testcase classname="Test.HomeLoanLogin" name="webHomeLogin" time="0.004"/>
  <testcase classname="Test.NewTest" name="f" time="0.003"/>
</testsuite> <!-- Personal Loan -->
